# JRE version: OpenJDK Runtime Environment (17.0.7) (build 17.0.7+0-b2043.56-10550314)
# Java VM: OpenJDK 64-Bit Server VM (17.0.7+0-b2043.56-10550314, mixed mode, tiered, compressed oops, compressed class ptrs, g1 gc, windows-amd64)
GC Precious Log:
 CPUs: 2 total, 2 available
 Memory: 2046M
 Large Page Support: Disabled
 NUMA Support: Disabled
 Compressed Oops: Enabled (32-bit)
 Heap Region Size: 1M
 Heap Min Capacity: 8M
 Heap Initial Capacity: 32M
 Heap Max Capacity: 2G
 Pre-touch: Disabled
 Parallel Workers: 2
 Concurrent Workers: 1
 Concurrent Refinement Workers: 2
 Periodic GC: Disabled
Heap:
 garbage-first heap   total 134144K, used 90665K [0x0000000080000000, 0x0000000100000000)
  region size 1024K, 33 young (33792K), 3 survivors (3072K)
 Metaspace       used 46695K, committed 47104K, reserved 1114112K
  class space    used 6161K, committed 6336K, reserved 1048576K
GC Heap History (20 events):
Event: 5.560 GC heap before
{Heap before GC invocations=12 (full 0):
 garbage-first heap   total 49152K, used 35946K [0x0000000080000000, 0x0000000100000000)
  region size 1024K, 18 young (18432K), 1 survivors (1024K)
 Metaspace       used 26997K, committed 27264K, reserved 1114112K
  class space    used 3579K, committed 3712K, reserved 1048576K
}
Event: 5.568 GC heap after
{Heap after GC invocations=13 (full 0):
 garbage-first heap   total 49152K, used 19657K [0x0000000080000000, 0x0000000100000000)
  region size 1024K, 2 young (2048K), 2 survivors (2048K)
 Metaspace       used 26997K, committed 27264K, reserved 1114112K
  class space    used 3579K, committed 3712K, reserved 1048576K
}
Event: 6.003 GC heap before
{Heap before GC invocations=13 (full 0):
 garbage-first heap   total 49152K, used 32969K [0x0000000080000000, 0x0000000100000000)
  region size 1024K, 14 young (14336K), 2 survivors (2048K)
 Metaspace       used 29101K, committed 29440K, reserved 1114112K
  class space    used 3938K, committed 4096K, reserved 1048576K
}
Event: 6.012 GC heap after
{Heap after GC invocations=14 (full 0):
 garbage-first heap   total 49152K, used 22595K [0x0000000080000000, 0x0000000100000000)
  region size 1024K, 3 young (3072K), 3 survivors (3072K)
 Metaspace       used 29101K, committed 29440K, reserved 1114112K
  class space    used 3938K, committed 4096K, reserved 1048576K
}
Event: 6.054 GC heap before
{Heap before GC invocations=14 (full 0):
 garbage-first heap   total 49152K, used 25667K [0x0000000080000000, 0x0000000100000000)
  region size 1024K, 4 young (4096K), 3 survivors (3072K)
 Metaspace       used 29103K, committed 29440K, reserved 1114112K
  class space    used 3938K, committed 4096K, reserved 1048576K
}
Event: 6.061 GC heap after
{Heap after GC invocations=15 (full 0):
 garbage-first heap   total 49152K, used 26135K [0x0000000080000000, 0x0000000100000000)
  region size 1024K, 2 young (2048K), 2 survivors (2048K)
 Metaspace       used 29103K, committed 29440K, reserved 1114112K
  class space    used 3938K, committed 4096K, reserved 1048576K
}
Event: 6.155 GC heap before
{Heap before GC invocations=16 (full 0):
 garbage-first heap   total 51200K, used 29207K [0x0000000080000000, 0x0000000100000000)
  region size 1024K, 5 young (5120K), 2 survivors (2048K)
 Metaspace       used 29282K, committed 29632K, reserved 1114112K
  class space    used 3972K, committed 4160K, reserved 1048576K
}
Event: 6.160 GC heap after
{Heap after GC invocations=17 (full 0):
 garbage-first heap   total 51200K, used 29583K [0x0000000080000000, 0x0000000100000000)
  region size 1024K, 2 young (2048K), 2 survivors (2048K)
 Metaspace       used 29282K, committed 29632K, reserved 1114112K
  class space    used 3972K, committed 4160K, reserved 1048576K
}
Event: 6.336 GC heap before
{Heap before GC invocations=18 (full 0):
 garbage-first heap   total 73728K, used 41871K [0x0000000080000000, 0x0000000100000000)
  region size 1024K, 3 young (3072K), 2 survivors (2048K)
 Metaspace       used 29282K, committed 29632K, reserved 1114112K
  class space    used 3972K, committed 4160K, reserved 1048576K
}
Event: 6.339 GC heap after
{Heap after GC invocations=19 (full 0):
 garbage-first heap   total 73728K, used 41818K [0x0000000080000000, 0x0000000100000000)
  region size 1024K, 1 young (1024K), 1 survivors (1024K)
 Metaspace       used 29282K, committed 29632K, reserved 1114112K
  class space    used 3972K, committed 4160K, reserved 1048576K
}
Event: 6.831 GC heap before
{Heap before GC invocations=20 (full 0):
 garbage-first heap   total 75776K, used 56154K [0x0000000080000000, 0x0000000100000000)
  region size 1024K, 14 young (14336K), 1 survivors (1024K)
 Metaspace       used 30921K, committed 31360K, reserved 1114112K
  class space    used 4219K, committed 4416K, reserved 1048576K
}
Event: 6.846 GC heap after
{Heap after GC invocations=21 (full 0):
 garbage-first heap   total 75776K, used 46080K [0x0000000080000000, 0x0000000100000000)
  region size 1024K, 2 young (2048K), 2 survivors (2048K)
 Metaspace       used 30921K, committed 31360K, reserved 1114112K
  class space    used 4219K, committed 4416K, reserved 1048576K
}
Event: 7.285 GC heap before
{Heap before GC invocations=21 (full 0):
 garbage-first heap   total 75776K, used 59392K [0x0000000080000000, 0x0000000100000000)
  region size 1024K, 15 young (15360K), 2 survivors (2048K)
 Metaspace       used 32723K, committed 33024K, reserved 1114112K
  class space    used 4523K, committed 4672K, reserved 1048576K
}
Event: 7.291 GC heap after
{Heap after GC invocations=22 (full 0):
 garbage-first heap   total 134144K, used 46967K [0x0000000080000000, 0x0000000100000000)
  region size 1024K, 1 young (1024K), 1 survivors (1024K)
 Metaspace       used 32723K, committed 33024K, reserved 1114112K
  class space    used 4523K, committed 4672K, reserved 1048576K
}
Event: 8.975 GC heap before
{Heap before GC invocations=23 (full 0):
 garbage-first heap   total 134144K, used 94071K [0x0000000080000000, 0x0000000100000000)
  region size 1024K, 47 young (48128K), 1 survivors (1024K)
 Metaspace       used 41762K, committed 42176K, reserved 1114112K
  class space    used 5582K, committed 5760K, reserved 1048576K
}
Event: 8.990 GC heap after
{Heap after GC invocations=24 (full 0):
 garbage-first heap   total 134144K, used 51873K [0x0000000080000000, 0x0000000100000000)
  region size 1024K, 6 young (6144K), 6 survivors (6144K)
 Metaspace       used 41762K, committed 42176K, reserved 1114112K
  class space    used 5582K, committed 5760K, reserved 1048576K
}
Event: 10.150 GC heap before
{Heap before GC invocations=24 (full 0):
 garbage-first heap   total 134144K, used 105121K [0x0000000080000000, 0x0000000100000000)
  region size 1024K, 52 young (53248K), 6 survivors (6144K)
 Metaspace       used 46503K, committed 46912K, reserved 1114112K
  class space    used 6160K, committed 6336K, reserved 1048576K
}
Event: 10.170 GC heap after
{Heap after GC invocations=25 (full 0):
 garbage-first heap   total 134144K, used 56852K [0x0000000080000000, 0x0000000100000000)
  region size 1024K, 4 young (4096K), 4 survivors (4096K)
 Metaspace       used 46503K, committed 46912K, reserved 1114112K
  class space    used 6160K, committed 6336K, reserved 1048576K
}
Event: 10.483 GC heap before
{Heap before GC invocations=25 (full 0):
 garbage-first heap   total 134144K, used 101908K [0x0000000080000000, 0x0000000100000000)
  region size 1024K, 48 young (49152K), 4 survivors (4096K)
 Metaspace       used 46693K, committed 47104K, reserved 1114112K
  class space    used 6161K, committed 6336K, reserved 1048576K
}
Event: 10.492 GC heap after
{Heap after GC invocations=26 (full 0):
 garbage-first heap   total 134144K, used 59945K [0x0000000080000000, 0x0000000100000000)
  region size 1024K, 3 young (3072K), 3 survivors (3072K)
 Metaspace       used 46693K, committed 47104K, reserved 1114112K
  class space    used 6161K, committed 6336K, reserved 1048576K
}

