# JRE version: OpenJDK Runtime Environment (17.0.7) (build 17.0.7+0-b2043.56-10550314)
# Java VM: OpenJDK 64-Bit Server VM (17.0.7+0-b2043.56-10550314, mixed mode, tiered, compressed oops, compressed class ptrs, g1 gc, windows-amd64)
GC Precious Log:
 CPUs: 2 total, 2 available
 Memory: 2046M
 Large Page Support: Disabled
 NUMA Support: Disabled
 Compressed Oops: Enabled (32-bit)
 Heap Region Size: 1M
 Heap Min Capacity: 8M
 Heap Initial Capacity: 32M
 Heap Max Capacity: 2G
 Pre-touch: Disabled
 Parallel Workers: 2
 Concurrent Workers: 1
 Concurrent Refinement Workers: 2
 Periodic GC: Disabled
Heap:
 garbage-first heap   total 100352K, used 52700K [0x0000000080000000, 0x0000000100000000)
  region size 1024K, 9 young (9216K), 1 survivors (1024K)
 Metaspace       used 30522K, committed 30848K, reserved 1114112K
  class space    used 4149K, committed 4288K, reserved 1048576K
GC Heap History (20 events):
Event: 3.763 GC heap before
{Heap before GC invocations=8 (full 0):
 garbage-first heap   total 40960K, used 27867K [0x0000000080000000, 0x0000000100000000)
  region size 1024K, 14 young (14336K), 2 survivors (2048K)
 Metaspace       used 19646K, committed 19904K, reserved 1114112K
  class space    used 2349K, committed 2496K, reserved 1048576K
}
Event: 3.774 GC heap after
{Heap after GC invocations=9 (full 0):
 garbage-first heap   total 40960K, used 17355K [0x0000000080000000, 0x0000000100000000)
  region size 1024K, 2 young (2048K), 2 survivors (2048K)
 Metaspace       used 19646K, committed 19904K, reserved 1114112K
  class space    used 2349K, committed 2496K, reserved 1048576K
}
Event: 4.093 GC heap before
{Heap before GC invocations=9 (full 0):
 garbage-first heap   total 40960K, used 22475K [0x0000000080000000, 0x0000000100000000)
  region size 1024K, 9 young (9216K), 2 survivors (2048K)
 Metaspace       used 21271K, committed 21504K, reserved 1114112K
  class space    used 2575K, committed 2688K, reserved 1048576K
}
Event: 4.103 GC heap after
{Heap after GC invocations=10 (full 0):
 garbage-first heap   total 40960K, used 17893K [0x0000000080000000, 0x0000000100000000)
  region size 1024K, 1 young (1024K), 1 survivors (1024K)
 Metaspace       used 21271K, committed 21504K, reserved 1114112K
  class space    used 2575K, committed 2688K, reserved 1048576K
}
Event: 4.571 GC heap before
{Heap before GC invocations=11 (full 0):
 garbage-first heap   total 40960K, used 30181K [0x0000000080000000, 0x0000000100000000)
  region size 1024K, 13 young (13312K), 1 survivors (1024K)
 Metaspace       used 23429K, committed 23680K, reserved 1114112K
  class space    used 2961K, committed 3072K, reserved 1048576K
}
Event: 4.576 GC heap after
{Heap after GC invocations=12 (full 0):
 garbage-first heap   total 40960K, used 18419K [0x0000000080000000, 0x0000000100000000)
  region size 1024K, 1 young (1024K), 1 survivors (1024K)
 Metaspace       used 23429K, committed 23680K, reserved 1114112K
  class space    used 2961K, committed 3072K, reserved 1048576K
}
Event: 4.609 GC heap before
{Heap before GC invocations=12 (full 0):
 garbage-first heap   total 40960K, used 18419K [0x0000000080000000, 0x0000000100000000)
  region size 1024K, 2 young (2048K), 1 survivors (1024K)
 Metaspace       used 23594K, committed 23808K, reserved 1114112K
  class space    used 2995K, committed 3072K, reserved 1048576K
}
Event: 4.617 GC heap after
{Heap after GC invocations=13 (full 0):
 garbage-first heap   total 49152K, used 18298K [0x0000000080000000, 0x0000000100000000)
  region size 1024K, 1 young (1024K), 1 survivors (1024K)
 Metaspace       used 23594K, committed 23808K, reserved 1114112K
  class space    used 2995K, committed 3072K, reserved 1048576K
}
Event: 5.573 GC heap before
{Heap before GC invocations=13 (full 0):
 garbage-first heap   total 49152K, used 35706K [0x0000000080000000, 0x0000000100000000)
  region size 1024K, 18 young (18432K), 1 survivors (1024K)
 Metaspace       used 26343K, committed 26688K, reserved 1114112K
  class space    used 3468K, committed 3648K, reserved 1048576K
}
Event: 5.580 GC heap after
{Heap after GC invocations=14 (full 0):
 garbage-first heap   total 49152K, used 19296K [0x0000000080000000, 0x0000000100000000)
  region size 1024K, 2 young (2048K), 2 survivors (2048K)
 Metaspace       used 26343K, committed 26688K, reserved 1114112K
  class space    used 3468K, committed 3648K, reserved 1048576K
}
Event: 6.252 GC heap before
{Heap before GC invocations=14 (full 0):
 garbage-first heap   total 49152K, used 36704K [0x0000000080000000, 0x0000000100000000)
  region size 1024K, 18 young (18432K), 2 survivors (2048K)
 Metaspace       used 29120K, committed 29504K, reserved 1114112K
  class space    used 3939K, committed 4096K, reserved 1048576K
}
Event: 6.262 GC heap after
{Heap after GC invocations=15 (full 0):
 garbage-first heap   total 49152K, used 22664K [0x0000000080000000, 0x0000000100000000)
  region size 1024K, 3 young (3072K), 3 survivors (3072K)
 Metaspace       used 29120K, committed 29504K, reserved 1114112K
  class space    used 3939K, committed 4096K, reserved 1048576K
}
Event: 6.275 GC heap before
{Heap before GC invocations=15 (full 0):
 garbage-first heap   total 49152K, used 25736K [0x0000000080000000, 0x0000000100000000)
  region size 1024K, 4 young (4096K), 3 survivors (3072K)
 Metaspace       used 29122K, committed 29504K, reserved 1114112K
  class space    used 3939K, committed 4096K, reserved 1048576K
}
Event: 6.283 GC heap after
{Heap after GC invocations=16 (full 0):
 garbage-first heap   total 49152K, used 26150K [0x0000000080000000, 0x0000000100000000)
  region size 1024K, 2 young (2048K), 2 survivors (2048K)
 Metaspace       used 29122K, committed 29504K, reserved 1114112K
  class space    used 3939K, committed 4096K, reserved 1048576K
}
Event: 6.435 GC heap before
{Heap before GC invocations=17 (full 0):
 garbage-first heap   total 49152K, used 44582K [0x0000000080000000, 0x0000000100000000)
  region size 1024K, 5 young (5120K), 2 survivors (2048K)
 Metaspace       used 29307K, committed 29632K, reserved 1114112K
  class space    used 3975K, committed 4160K, reserved 1048576K
}
Event: 6.443 GC heap after
{Heap after GC invocations=18 (full 0):
 garbage-first heap   total 50176K, used 44504K [0x0000000080000000, 0x0000000100000000)
  region size 1024K, 2 young (2048K), 2 survivors (2048K)
 Metaspace       used 29307K, committed 29632K, reserved 1114112K
  class space    used 3975K, committed 4160K, reserved 1048576K
}
Event: 6.497 GC heap before
{Heap before GC invocations=18 (full 0):
 garbage-first heap   total 50176K, used 44504K [0x0000000080000000, 0x0000000100000000)
  region size 1024K, 3 young (3072K), 2 survivors (2048K)
 Metaspace       used 29415K, committed 29824K, reserved 1114112K
  class space    used 3987K, committed 4160K, reserved 1048576K
}
Event: 6.505 GC heap after
{Heap after GC invocations=19 (full 0):
 garbage-first heap   total 50176K, used 44469K [0x0000000080000000, 0x0000000100000000)
  region size 1024K, 1 young (1024K), 1 survivors (1024K)
 Metaspace       used 29415K, committed 29824K, reserved 1114112K
  class space    used 3987K, committed 4160K, reserved 1048576K
}
Event: 6.554 GC heap before
{Heap before GC invocations=19 (full 0):
 garbage-first heap   total 50176K, used 44469K [0x0000000080000000, 0x0000000100000000)
  region size 1024K, 2 young (2048K), 1 survivors (1024K)
 Metaspace       used 29415K, committed 29824K, reserved 1114112K
  class space    used 3987K, committed 4160K, reserved 1048576K
}
Event: 6.562 GC heap after
{Heap after GC invocations=20 (full 0):
 garbage-first heap   total 100352K, used 45532K [0x0000000080000000, 0x0000000100000000)
  region size 1024K, 1 young (1024K), 1 survivors (1024K)
 Metaspace       used 29415K, committed 29824K, reserved 1114112K
  class space    used 3987K, committed 4160K, reserved 1048576K
}

