# JRE version: OpenJDK Runtime Environment (17.0.7) (build 17.0.7+0-b2043.56-10550314)
# Java VM: OpenJDK 64-Bit Server VM (17.0.7+0-b2043.56-10550314, mixed mode, tiered, compressed oops, compressed class ptrs, g1 gc, windows-amd64)
GC Precious Log:
 CPUs: 2 total, 2 available
 Memory: 2046M
 Large Page Support: Disabled
 NUMA Support: Disabled
 Compressed Oops: Enabled (32-bit)
 Heap Region Size: 1M
 Heap Min Capacity: 8M
 Heap Initial Capacity: 32M
 Heap Max Capacity: 2G
 Pre-touch: Disabled
 Parallel Workers: 2
 Concurrent Workers: 1
 Concurrent Refinement Workers: 2
 Periodic GC: Disabled
Heap:
 garbage-first heap   total 163840K, used 65894K [0x0000000080000000, 0x0000000100000000)
  region size 1024K, 20 young (20480K), 5 survivors (5120K)
 Metaspace       used 45521K, committed 45824K, reserved 1114112K
  class space    used 6131K, committed 6272K, reserved 1048576K
GC Heap History (20 events):
Event: 3.865 GC heap before
{Heap before GC invocations=11 (full 0):
 garbage-first heap   total 48128K, used 19276K [0x0000000080000000, 0x0000000100000000)
  region size 1024K, 3 young (3072K), 2 survivors (2048K)
 Metaspace       used 23476K, committed 23744K, reserved 1114112K
  class space    used 2966K, committed 3072K, reserved 1048576K
}
Event: 3.875 GC heap after
{Heap after GC invocations=12 (full 0):
 garbage-first heap   total 48128K, used 18216K [0x0000000080000000, 0x0000000100000000)
  region size 1024K, 1 young (1024K), 1 survivors (1024K)
 Metaspace       used 23476K, committed 23744K, reserved 1114112K
  class space    used 2966K, committed 3072K, reserved 1048576K
}
Event: 4.305 GC heap before
{Heap before GC invocations=12 (full 0):
 garbage-first heap   total 48128K, used 32552K [0x0000000080000000, 0x0000000100000000)
  region size 1024K, 16 young (16384K), 1 survivors (1024K)
 Metaspace       used 26018K, committed 26304K, reserved 1114112K
  class space    used 3404K, committed 3584K, reserved 1048576K
}
Event: 4.314 GC heap after
{Heap after GC invocations=13 (full 0):
 garbage-first heap   total 48128K, used 19090K [0x0000000080000000, 0x0000000100000000)
  region size 1024K, 2 young (2048K), 2 survivors (2048K)
 Metaspace       used 26018K, committed 26304K, reserved 1114112K
  class space    used 3404K, committed 3584K, reserved 1048576K
}
Event: 4.743 GC heap before
{Heap before GC invocations=13 (full 0):
 garbage-first heap   total 48128K, used 34450K [0x0000000080000000, 0x0000000100000000)
  region size 1024K, 17 young (17408K), 2 survivors (2048K)
 Metaspace       used 28542K, committed 28864K, reserved 1114112K
  class space    used 3850K, committed 4032K, reserved 1048576K
}
Event: 4.754 GC heap after
{Heap after GC invocations=14 (full 0):
 garbage-first heap   total 48128K, used 20132K [0x0000000080000000, 0x0000000100000000)
  region size 1024K, 3 young (3072K), 3 survivors (3072K)
 Metaspace       used 28542K, committed 28864K, reserved 1114112K
  class space    used 3850K, committed 4032K, reserved 1048576K
}
Event: 4.945 GC heap before
{Heap before GC invocations=14 (full 0):
 garbage-first heap   total 48128K, used 25252K [0x0000000080000000, 0x0000000100000000)
  region size 1024K, 7 young (7168K), 3 survivors (3072K)
 Metaspace       used 29116K, committed 29440K, reserved 1114112K
  class space    used 3937K, committed 4096K, reserved 1048576K
}
Event: 4.951 GC heap after
{Heap after GC invocations=15 (full 0):
 garbage-first heap   total 82944K, used 22647K [0x0000000080000000, 0x0000000100000000)
  region size 1024K, 2 young (2048K), 2 survivors (2048K)
 Metaspace       used 29116K, committed 29440K, reserved 1114112K
  class space    used 3937K, committed 4096K, reserved 1048576K
}
Event: 5.033 GC heap before
{Heap before GC invocations=15 (full 0):
 garbage-first heap   total 82944K, used 30839K [0x0000000080000000, 0x0000000100000000)
  region size 1024K, 6 young (6144K), 2 survivors (2048K)
 Metaspace       used 29308K, committed 29632K, reserved 1114112K
  class space    used 3970K, committed 4160K, reserved 1048576K
}
Event: 5.042 GC heap after
{Heap after GC invocations=16 (full 0):
 garbage-first heap   total 82944K, used 29860K [0x0000000080000000, 0x0000000100000000)
  region size 1024K, 4 young (4096K), 4 survivors (4096K)
 Metaspace       used 29308K, committed 29632K, reserved 1114112K
  class space    used 3970K, committed 4160K, reserved 1048576K
}
Event: 5.074 GC heap before
{Heap before GC invocations=16 (full 0):
 garbage-first heap   total 82944K, used 42148K [0x0000000080000000, 0x0000000100000000)
  region size 1024K, 5 young (5120K), 4 survivors (4096K)
 Metaspace       used 29308K, committed 29632K, reserved 1114112K
  class space    used 3970K, committed 4160K, reserved 1048576K
}
Event: 5.078 GC heap after
{Heap after GC invocations=17 (full 0):
 garbage-first heap   total 82944K, used 41971K [0x0000000080000000, 0x0000000100000000)
  region size 1024K, 2 young (2048K), 2 survivors (2048K)
 Metaspace       used 29308K, committed 29632K, reserved 1114112K
  class space    used 3970K, committed 4160K, reserved 1048576K
}
Event: 6.024 GC heap before
{Heap before GC invocations=18 (full 0):
 garbage-first heap   total 82944K, used 63475K [0x0000000080000000, 0x0000000100000000)
  region size 1024K, 22 young (22528K), 2 survivors (2048K)
 Metaspace       used 31802K, committed 32128K, reserved 1114112K
  class space    used 4376K, committed 4544K, reserved 1048576K
}
Event: 6.036 GC heap after
{Heap after GC invocations=19 (full 0):
 garbage-first heap   total 82944K, used 46787K [0x0000000080000000, 0x0000000100000000)
  region size 1024K, 3 young (3072K), 3 survivors (3072K)
 Metaspace       used 31802K, committed 32128K, reserved 1114112K
  class space    used 4376K, committed 4544K, reserved 1048576K
}
Event: 6.066 GC heap before
{Heap before GC invocations=19 (full 0):
 garbage-first heap   total 82944K, used 47811K [0x0000000080000000, 0x0000000100000000)
  region size 1024K, 4 young (4096K), 3 survivors (3072K)
 Metaspace       used 31947K, committed 32256K, reserved 1114112K
  class space    used 4398K, committed 4544K, reserved 1048576K
}
Event: 6.076 GC heap after
{Heap after GC invocations=20 (full 0):
 garbage-first heap   total 82944K, used 46522K [0x0000000080000000, 0x0000000100000000)
  region size 1024K, 1 young (1024K), 1 survivors (1024K)
 Metaspace       used 31947K, committed 32256K, reserved 1114112K
  class space    used 4398K, committed 4544K, reserved 1048576K
}
Event: 6.616 GC heap before
{Heap before GC invocations=20 (full 0):
 garbage-first heap   total 82944K, used 63930K [0x0000000080000000, 0x0000000100000000)
  region size 1024K, 18 young (18432K), 1 survivors (1024K)
 Metaspace       used 34443K, committed 34816K, reserved 1114112K
  class space    used 4796K, committed 4992K, reserved 1048576K
}
Event: 6.624 GC heap after
{Heap after GC invocations=21 (full 0):
 garbage-first heap   total 165888K, used 47389K [0x0000000080000000, 0x0000000100000000)
  region size 1024K, 1 young (1024K), 1 survivors (1024K)
 Metaspace       used 34443K, committed 34816K, reserved 1114112K
  class space    used 4796K, committed 4992K, reserved 1048576K
}
Event: 8.533 GC heap before
{Heap before GC invocations=22 (full 0):
 garbage-first heap   total 163840K, used 102685K [0x0000000080000000, 0x0000000100000000)
  region size 1024K, 56 young (57344K), 1 survivors (1024K)
 Metaspace       used 42328K, committed 42752K, reserved 1114112K
  class space    used 5805K, committed 6016K, reserved 1048576K
}
Event: 8.559 GC heap after
{Heap after GC invocations=23 (full 0):
 garbage-first heap   total 163840K, used 51558K [0x0000000080000000, 0x0000000100000000)
  region size 1024K, 5 young (5120K), 5 survivors (5120K)
 Metaspace       used 42328K, committed 42752K, reserved 1114112K
  class space    used 5805K, committed 6016K, reserved 1048576K
}

