# JRE version: OpenJDK Runtime Environment (17.0.7) (build 17.0.7+0-b2043.56-10550314)
# Java VM: OpenJDK 64-Bit Server VM (17.0.7+0-b2043.56-10550314, mixed mode, tiered, compressed oops, compressed class ptrs, g1 gc, windows-amd64)
GC Precious Log:
 CPUs: 2 total, 2 available
 Memory: 2046M
 Large Page Support: Disabled
 NUMA Support: Disabled
 Compressed Oops: Enabled (32-bit)
 Heap Region Size: 1M
 Heap Min Capacity: 8M
 Heap Initial Capacity: 32M
 Heap Max Capacity: 2G
 Pre-touch: Disabled
 Parallel Workers: 2
 Concurrent Workers: 1
 Concurrent Refinement Workers: 2
 Periodic GC: Disabled
Heap:
 garbage-first heap   total 48128K, used 44716K [0x0000000080000000, 0x0000000100000000)
  region size 1024K, 1 young (1024K), 1 survivors (1024K)
 Metaspace       used 29466K, committed 29824K, reserved 1114112K
  class space    used 3998K, committed 4160K, reserved 1048576K
GC Heap History (20 events):
Event: 3.892 GC heap after
{Heap after GC invocations=9 (full 0):
 garbage-first heap   total 39936K, used 17321K [0x0000000080000000, 0x0000000100000000)
  region size 1024K, 2 young (2048K), 2 survivors (2048K)
 Metaspace       used 19068K, committed 19328K, reserved 1114112K
  class space    used 2240K, committed 2368K, reserved 1048576K
}
Event: 4.495 GC heap before
{Heap before GC invocations=9 (full 0):
 garbage-first heap   total 39936K, used 26537K [0x0000000080000000, 0x0000000100000000)
  region size 1024K, 12 young (12288K), 2 survivors (2048K)
 Metaspace       used 21058K, committed 21248K, reserved 1114112K
  class space    used 2540K, committed 2624K, reserved 1048576K
}
Event: 4.503 GC heap after
{Heap after GC invocations=10 (full 0):
 garbage-first heap   total 39936K, used 18052K [0x0000000080000000, 0x0000000100000000)
  region size 1024K, 1 young (1024K), 1 survivors (1024K)
 Metaspace       used 21058K, committed 21248K, reserved 1114112K
  class space    used 2540K, committed 2624K, reserved 1048576K
}
Event: 4.552 GC heap before
{Heap before GC invocations=10 (full 0):
 garbage-first heap   total 39936K, used 19076K [0x0000000080000000, 0x0000000100000000)
  region size 1024K, 3 young (3072K), 1 survivors (1024K)
 Metaspace       used 21323K, committed 21504K, reserved 1114112K
  class space    used 2584K, committed 2688K, reserved 1048576K
}
Event: 4.556 GC heap after
{Heap after GC invocations=11 (full 0):
 garbage-first heap   total 39936K, used 17959K [0x0000000080000000, 0x0000000100000000)
  region size 1024K, 1 young (1024K), 1 survivors (1024K)
 Metaspace       used 21323K, committed 21504K, reserved 1114112K
  class space    used 2584K, committed 2688K, reserved 1048576K
}
Event: 5.101 GC heap before
{Heap before GC invocations=12 (full 0):
 garbage-first heap   total 39936K, used 28199K [0x0000000080000000, 0x0000000100000000)
  region size 1024K, 12 young (12288K), 1 survivors (1024K)
 Metaspace       used 23260K, committed 23552K, reserved 1114112K
  class space    used 2935K, committed 3072K, reserved 1048576K
}
Event: 5.106 GC heap after
{Heap after GC invocations=13 (full 0):
 garbage-first heap   total 48128K, used 18555K [0x0000000080000000, 0x0000000100000000)
  region size 1024K, 2 young (2048K), 2 survivors (2048K)
 Metaspace       used 23260K, committed 23552K, reserved 1114112K
  class space    used 2935K, committed 3072K, reserved 1048576K
}
Event: 5.139 GC heap before
{Heap before GC invocations=13 (full 0):
 garbage-first heap   total 48128K, used 18555K [0x0000000080000000, 0x0000000100000000)
  region size 1024K, 3 young (3072K), 2 survivors (2048K)
 Metaspace       used 23448K, committed 23680K, reserved 1114112K
  class space    used 2964K, committed 3072K, reserved 1048576K
}
Event: 5.143 GC heap after
{Heap after GC invocations=14 (full 0):
 garbage-first heap   total 48128K, used 18289K [0x0000000080000000, 0x0000000100000000)
  region size 1024K, 1 young (1024K), 1 survivors (1024K)
 Metaspace       used 23448K, committed 23680K, reserved 1114112K
  class space    used 2964K, committed 3072K, reserved 1048576K
}
Event: 5.789 GC heap before
{Heap before GC invocations=14 (full 0):
 garbage-first heap   total 48128K, used 35697K [0x0000000080000000, 0x0000000100000000)
  region size 1024K, 18 young (18432K), 1 survivors (1024K)
 Metaspace       used 26229K, committed 26496K, reserved 1114112K
  class space    used 3445K, committed 3584K, reserved 1048576K
}
Event: 5.798 GC heap after
{Heap after GC invocations=15 (full 0):
 garbage-first heap   total 48128K, used 19254K [0x0000000080000000, 0x0000000100000000)
  region size 1024K, 2 young (2048K), 2 survivors (2048K)
 Metaspace       used 26229K, committed 26496K, reserved 1114112K
  class space    used 3445K, committed 3584K, reserved 1048576K
}
Event: 8.711 GC heap before
{Heap before GC invocations=15 (full 0):
 garbage-first heap   total 48128K, used 37686K [0x0000000080000000, 0x0000000100000000)
  region size 1024K, 19 young (19456K), 2 survivors (2048K)
 Metaspace       used 29179K, committed 29504K, reserved 1114112K
  class space    used 3951K, committed 4096K, reserved 1048576K
}
Event: 8.729 GC heap after
{Heap after GC invocations=16 (full 0):
 garbage-first heap   total 48128K, used 22770K [0x0000000080000000, 0x0000000100000000)
  region size 1024K, 3 young (3072K), 3 survivors (3072K)
 Metaspace       used 29179K, committed 29504K, reserved 1114112K
  class space    used 3951K, committed 4096K, reserved 1048576K
}
Event: 8.757 GC heap before
{Heap before GC invocations=16 (full 0):
 garbage-first heap   total 48128K, used 25842K [0x0000000080000000, 0x0000000100000000)
  region size 1024K, 4 young (4096K), 3 survivors (3072K)
 Metaspace       used 29181K, committed 29504K, reserved 1114112K
  class space    used 3951K, committed 4096K, reserved 1048576K
}
Event: 8.762 GC heap after
{Heap after GC invocations=17 (full 0):
 garbage-first heap   total 48128K, used 26370K [0x0000000080000000, 0x0000000100000000)
  region size 1024K, 2 young (2048K), 2 survivors (2048K)
 Metaspace       used 29181K, committed 29504K, reserved 1114112K
  class space    used 3951K, committed 4096K, reserved 1048576K
}
Event: 8.896 GC heap before
{Heap before GC invocations=18 (full 0):
 garbage-first heap   total 48128K, used 41730K [0x0000000080000000, 0x0000000100000000)
  region size 1024K, 5 young (5120K), 2 survivors (2048K)
 Metaspace       used 29359K, committed 29696K, reserved 1114112K
  class space    used 3984K, committed 4160K, reserved 1048576K
}
Event: 8.903 GC heap after
{Heap after GC invocations=19 (full 0):
 garbage-first heap   total 48128K, used 42090K [0x0000000080000000, 0x0000000100000000)
  region size 1024K, 2 young (2048K), 2 survivors (2048K)
 Metaspace       used 29359K, committed 29696K, reserved 1114112K
  class space    used 3984K, committed 4160K, reserved 1048576K
}
Event: 8.903 GC heap before
{Heap before GC invocations=19 (full 0):
 garbage-first heap   total 48128K, used 44138K [0x0000000080000000, 0x0000000100000000)
  region size 1024K, 2 young (2048K), 2 survivors (2048K)
 Metaspace       used 29359K, committed 29696K, reserved 1114112K
  class space    used 3984K, committed 4160K, reserved 1048576K
}
Event: 8.910 GC heap after
{Heap after GC invocations=20 (full 0):
 garbage-first heap   total 48128K, used 43722K [0x0000000080000000, 0x0000000100000000)
  region size 1024K, 0 young (0K), 0 survivors (0K)
 Metaspace       used 29359K, committed 29696K, reserved 1114112K
  class space    used 3984K, committed 4160K, reserved 1048576K
}
Event: 8.964 GC heap before
{Heap before GC invocations=20 (full 0):
 garbage-first heap   total 48128K, used 44746K [0x0000000080000000, 0x0000000100000000)
  region size 1024K, 2 young (2048K), 0 survivors (0K)
 Metaspace       used 29466K, committed 29824K, reserved 1114112K
  class space    used 3998K, committed 4160K, reserved 1048576K
}

