# JRE version: OpenJDK Runtime Environment (17.0.7) (build 17.0.7+0-b2043.56-10550314)
# Java VM: OpenJDK 64-Bit Server VM (17.0.7+0-b2043.56-10550314, mixed mode, tiered, compressed oops, compressed class ptrs, g1 gc, windows-amd64)
GC Precious Log:
 CPUs: 2 total, 2 available
 Memory: 2046M
 Large Page Support: Disabled
 NUMA Support: Disabled
 Compressed Oops: Enabled (32-bit)
 Heap Region Size: 1M
 Heap Min Capacity: 8M
 Heap Initial Capacity: 32M
 Heap Max Capacity: 2G
 Pre-touch: Disabled
 Parallel Workers: 2
 Concurrent Workers: 1
 Concurrent Refinement Workers: 2
 Periodic GC: Disabled
Heap:
 garbage-first heap   total 75776K, used 46869K [0x0000000080000000, 0x0000000100000000)
  region size 1024K, 1 young (1024K), 1 survivors (1024K)
 Metaspace       used 32733K, committed 33088K, reserved 1114112K
  class space    used 4518K, committed 4672K, reserved 1048576K
GC Heap History (20 events):
Event: 5.064 GC heap after
{Heap after GC invocations=11 (full 0):
 garbage-first heap   total 39936K, used 18334K [0x0000000080000000, 0x0000000100000000)
  region size 1024K, 2 young (2048K), 2 survivors (2048K)
 Metaspace       used 23225K, committed 23488K, reserved 1114112K
  class space    used 2931K, committed 3072K, reserved 1048576K
}
Event: 5.122 GC heap before
{Heap before GC invocations=11 (full 0):
 garbage-first heap   total 39936K, used 19358K [0x0000000080000000, 0x0000000100000000)
  region size 1024K, 3 young (3072K), 2 survivors (2048K)
 Metaspace       used 23416K, committed 23680K, reserved 1114112K
  class space    used 2961K, committed 3072K, reserved 1048576K
}
Event: 5.132 GC heap after
{Heap after GC invocations=12 (full 0):
 garbage-first heap   total 48128K, used 18165K [0x0000000080000000, 0x0000000100000000)
  region size 1024K, 1 young (1024K), 1 survivors (1024K)
 Metaspace       used 23416K, committed 23680K, reserved 1114112K
  class space    used 2961K, committed 3072K, reserved 1048576K
}
Event: 5.773 GC heap before
{Heap before GC invocations=12 (full 0):
 garbage-first heap   total 48128K, used 33525K [0x0000000080000000, 0x0000000100000000)
  region size 1024K, 16 young (16384K), 1 survivors (1024K)
 Metaspace       used 25995K, committed 26304K, reserved 1114112K
  class space    used 3399K, committed 3584K, reserved 1048576K
}
Event: 5.783 GC heap after
{Heap after GC invocations=13 (full 0):
 garbage-first heap   total 48128K, used 19007K [0x0000000080000000, 0x0000000100000000)
  region size 1024K, 2 young (2048K), 2 survivors (2048K)
 Metaspace       used 25995K, committed 26304K, reserved 1114112K
  class space    used 3399K, committed 3584K, reserved 1048576K
}
Event: 6.224 GC heap before
{Heap before GC invocations=13 (full 0):
 garbage-first heap   total 48128K, used 34367K [0x0000000080000000, 0x0000000100000000)
  region size 1024K, 17 young (17408K), 2 survivors (2048K)
 Metaspace       used 28525K, committed 28800K, reserved 1114112K
  class space    used 3844K, committed 3968K, reserved 1048576K
}
Event: 6.231 GC heap after
{Heap after GC invocations=14 (full 0):
 garbage-first heap   total 48128K, used 20002K [0x0000000080000000, 0x0000000100000000)
  region size 1024K, 2 young (2048K), 2 survivors (2048K)
 Metaspace       used 28525K, committed 28800K, reserved 1114112K
  class space    used 3844K, committed 3968K, reserved 1048576K
}
Event: 6.406 GC heap before
{Heap before GC invocations=14 (full 0):
 garbage-first heap   total 48128K, used 25122K [0x0000000080000000, 0x0000000100000000)
  region size 1024K, 6 young (6144K), 2 survivors (2048K)
 Metaspace       used 29116K, committed 29440K, reserved 1114112K
  class space    used 3937K, committed 4096K, reserved 1048576K
}
Event: 6.412 GC heap after
{Heap after GC invocations=15 (full 0):
 garbage-first heap   total 48128K, used 22765K [0x0000000080000000, 0x0000000100000000)
  region size 1024K, 2 young (2048K), 2 survivors (2048K)
 Metaspace       used 29116K, committed 29440K, reserved 1114112K
  class space    used 3937K, committed 4096K, reserved 1048576K
}
Event: 6.424 GC heap before
{Heap before GC invocations=15 (full 0):
 garbage-first heap   total 48128K, used 25837K [0x0000000080000000, 0x0000000100000000)
  region size 1024K, 3 young (3072K), 2 survivors (2048K)
 Metaspace       used 29117K, committed 29440K, reserved 1114112K
  class space    used 3937K, committed 4096K, reserved 1048576K
}
Event: 6.428 GC heap after
{Heap after GC invocations=16 (full 0):
 garbage-first heap   total 73728K, used 25972K [0x0000000080000000, 0x0000000100000000)
  region size 1024K, 1 young (1024K), 1 survivors (1024K)
 Metaspace       used 29117K, committed 29440K, reserved 1114112K
  class space    used 3937K, committed 4096K, reserved 1048576K
}
Event: 6.772 GC heap before
{Heap before GC invocations=16 (full 0):
 garbage-first heap   total 73728K, used 29044K [0x0000000080000000, 0x0000000100000000)
  region size 1024K, 4 young (4096K), 1 survivors (1024K)
 Metaspace       used 29310K, committed 29632K, reserved 1114112K
  class space    used 3971K, committed 4160K, reserved 1048576K
}
Event: 6.779 GC heap after
{Heap after GC invocations=17 (full 0):
 garbage-first heap   total 73728K, used 29665K [0x0000000080000000, 0x0000000100000000)
  region size 1024K, 3 young (3072K), 3 survivors (3072K)
 Metaspace       used 29310K, committed 29632K, reserved 1114112K
  class space    used 3971K, committed 4160K, reserved 1048576K
}
Event: 6.808 GC heap before
{Heap before GC invocations=17 (full 0):
 garbage-first heap   total 73728K, used 41953K [0x0000000080000000, 0x0000000100000000)
  region size 1024K, 4 young (4096K), 3 survivors (3072K)
 Metaspace       used 29311K, committed 29632K, reserved 1114112K
  class space    used 3971K, committed 4160K, reserved 1048576K
}
Event: 6.811 GC heap after
{Heap after GC invocations=18 (full 0):
 garbage-first heap   total 73728K, used 41976K [0x0000000080000000, 0x0000000100000000)
  region size 1024K, 2 young (2048K), 2 survivors (2048K)
 Metaspace       used 29311K, committed 29632K, reserved 1114112K
  class space    used 3971K, committed 4160K, reserved 1048576K
}
Event: 7.193 GC heap before
{Heap before GC invocations=19 (full 0):
 garbage-first heap   total 75776K, used 56312K [0x0000000080000000, 0x0000000100000000)
  region size 1024K, 15 young (15360K), 2 survivors (2048K)
 Metaspace       used 30903K, committed 31296K, reserved 1114112K
  class space    used 4213K, committed 4416K, reserved 1048576K
}
Event: 7.198 GC heap after
{Heap after GC invocations=20 (full 0):
 garbage-first heap   total 75776K, used 46560K [0x0000000080000000, 0x0000000100000000)
  region size 1024K, 2 young (2048K), 2 survivors (2048K)
 Metaspace       used 30903K, committed 31296K, reserved 1114112K
  class space    used 4213K, committed 4416K, reserved 1048576K
}
Event: 7.221 GC heap before
{Heap before GC invocations=20 (full 0):
 garbage-first heap   total 75776K, used 47584K [0x0000000080000000, 0x0000000100000000)
  region size 1024K, 3 young (3072K), 2 survivors (2048K)
 Metaspace       used 31027K, committed 31424K, reserved 1114112K
  class space    used 4233K, committed 4416K, reserved 1048576K
}
Event: 7.227 GC heap after
{Heap after GC invocations=21 (full 0):
 garbage-first heap   total 75776K, used 46247K [0x0000000080000000, 0x0000000100000000)
  region size 1024K, 1 young (1024K), 1 survivors (1024K)
 Metaspace       used 31027K, committed 31424K, reserved 1114112K
  class space    used 4233K, committed 4416K, reserved 1048576K
}
Event: 7.499 GC heap before
{Heap before GC invocations=21 (full 0):
 garbage-first heap   total 75776K, used 58535K [0x0000000080000000, 0x0000000100000000)
  region size 1024K, 13 young (13312K), 1 survivors (1024K)
 Metaspace       used 32733K, committed 33088K, reserved 1114112K
  class space    used 4518K, committed 4672K, reserved 1048576K
}

