# JRE version: OpenJDK Runtime Environment (17.0.7) (build 17.0.7+0-b2043.56-10550314)
# Java VM: OpenJDK 64-Bit Server VM (17.0.7+0-b2043.56-10550314, mixed mode, tiered, compressed oops, compressed class ptrs, g1 gc, windows-amd64)
GC Precious Log:
 CPUs: 2 total, 2 available
 Memory: 2046M
 Large Page Support: Disabled
 NUMA Support: Disabled
 Compressed Oops: Enabled (32-bit)
 Heap Region Size: 1M
 Heap Min Capacity: 8M
 Heap Initial Capacity: 32M
 Heap Max Capacity: 2G
 Pre-touch: Disabled
 Parallel Workers: 2
 Concurrent Workers: 1
 Concurrent Refinement Workers: 2
 Periodic GC: Disabled
Heap:
 garbage-first heap   total 133120K, used 83653K [0x0000000080000000, 0x0000000100000000)
  region size 1024K, 26 young (26624K), 5 survivors (5120K)
 Metaspace       used 52154K, committed 52544K, reserved 1114112K
  class space    used 6937K, committed 7104K, reserved 1048576K
GC Heap History (20 events):
Event: 9.239 GC heap before
{Heap before GC invocations=20 (full 0):
 garbage-first heap   total 81920K, used 64224K [0x0000000080000000, 0x0000000100000000)
  region size 1024K, 18 young (18432K), 1 survivors (1024K)
 Metaspace       used 36479K, committed 36800K, reserved 1114112K
  class space    used 5051K, committed 5184K, reserved 1048576K
}
Event: 9.246 GC heap after
{Heap after GC invocations=21 (full 0):
 garbage-first heap   total 110592K, used 48418K [0x0000000080000000, 0x0000000100000000)
  region size 1024K, 2 young (2048K), 2 survivors (2048K)
 Metaspace       used 36479K, committed 36800K, reserved 1114112K
  class space    used 5051K, committed 5184K, reserved 1048576K
}
Event: 10.126 GC heap before
{Heap before GC invocations=22 (full 0):
 garbage-first heap   total 110592K, used 86306K [0x0000000080000000, 0x0000000100000000)
  region size 1024K, 39 young (39936K), 2 survivors (2048K)
 Metaspace       used 41259K, committed 41600K, reserved 1114112K
  class space    used 5692K, committed 5824K, reserved 1048576K
}
Event: 10.139 GC heap after
{Heap after GC invocations=23 (full 0):
 garbage-first heap   total 110592K, used 51782K [0x0000000080000000, 0x0000000100000000)
  region size 1024K, 5 young (5120K), 5 survivors (5120K)
 Metaspace       used 41259K, committed 41600K, reserved 1114112K
  class space    used 5692K, committed 5824K, reserved 1048576K
}
Event: 12.232 GC heap before
{Heap before GC invocations=23 (full 0):
 garbage-first heap   total 110592K, used 84550K [0x0000000080000000, 0x0000000100000000)
  region size 1024K, 38 young (38912K), 5 survivors (5120K)
 Metaspace       used 48068K, committed 48384K, reserved 1114112K
  class space    used 6458K, committed 6592K, reserved 1048576K
}
Event: 12.264 GC heap after
{Heap after GC invocations=24 (full 0):
 garbage-first heap   total 110592K, used 55699K [0x0000000080000000, 0x0000000100000000)
  region size 1024K, 5 young (5120K), 5 survivors (5120K)
 Metaspace       used 48068K, committed 48384K, reserved 1114112K
  class space    used 6458K, committed 6592K, reserved 1048576K
}
Event: 12.316 GC heap before
{Heap before GC invocations=24 (full 0):
 garbage-first heap   total 110592K, used 57747K [0x0000000080000000, 0x0000000100000000)
  region size 1024K, 9 young (9216K), 5 survivors (5120K)
 Metaspace       used 48236K, committed 48576K, reserved 1114112K
  class space    used 6473K, committed 6656K, reserved 1048576K
}
Event: 12.329 GC heap after
{Heap after GC invocations=25 (full 0):
 garbage-first heap   total 110592K, used 57012K [0x0000000080000000, 0x0000000100000000)
  region size 1024K, 2 young (2048K), 2 survivors (2048K)
 Metaspace       used 48236K, committed 48576K, reserved 1114112K
  class space    used 6473K, committed 6656K, reserved 1048576K
}
Event: 13.337 GC heap before
{Heap before GC invocations=26 (full 0):
 garbage-first heap   total 110592K, used 89780K [0x0000000080000000, 0x0000000100000000)
  region size 1024K, 31 young (31744K), 2 survivors (2048K)
 Metaspace       used 50567K, committed 51008K, reserved 1114112K
  class space    used 6742K, committed 6912K, reserved 1048576K
}
Event: 13.345 GC heap after
{Heap after GC invocations=27 (full 0):
 garbage-first heap   total 110592K, used 57772K [0x0000000080000000, 0x0000000100000000)
  region size 1024K, 3 young (3072K), 3 survivors (3072K)
 Metaspace       used 50567K, committed 51008K, reserved 1114112K
  class space    used 6742K, committed 6912K, reserved 1048576K
}
Event: 13.793 GC heap before
{Heap before GC invocations=27 (full 0):
 garbage-first heap   total 110592K, used 65964K [0x0000000080000000, 0x0000000100000000)
  region size 1024K, 12 young (12288K), 3 survivors (3072K)
 Metaspace       used 51725K, committed 52160K, reserved 1114112K
  class space    used 6917K, committed 7104K, reserved 1048576K
}
Event: 13.806 GC heap after
{Heap after GC invocations=28 (full 0):
 garbage-first heap   total 110592K, used 57822K [0x0000000080000000, 0x0000000100000000)
  region size 1024K, 3 young (3072K), 3 survivors (3072K)
 Metaspace       used 51725K, committed 52160K, reserved 1114112K
  class space    used 6917K, committed 7104K, reserved 1048576K
}
Event: 14.252 GC heap before
{Heap before GC invocations=29 (full 0):
 garbage-first heap   total 110592K, used 63966K [0x0000000080000000, 0x0000000100000000)
  region size 1024K, 8 young (8192K), 3 survivors (3072K)
 Metaspace       used 51728K, committed 52160K, reserved 1114112K
  class space    used 6917K, committed 7104K, reserved 1048576K
}
Event: 14.259 GC heap after
{Heap after GC invocations=30 (full 0):
 garbage-first heap   total 110592K, used 57850K [0x0000000080000000, 0x0000000100000000)
  region size 1024K, 3 young (3072K), 3 survivors (3072K)
 Metaspace       used 51728K, committed 52160K, reserved 1114112K
  class space    used 6917K, committed 7104K, reserved 1048576K
}
Event: 15.033 GC heap before
{Heap before GC invocations=31 (full 0):
 garbage-first heap   total 110592K, used 92666K [0x0000000080000000, 0x0000000100000000)
  region size 1024K, 35 young (35840K), 3 survivors (3072K)
 Metaspace       used 52131K, committed 52544K, reserved 1114112K
  class space    used 6937K, committed 7104K, reserved 1048576K
}
Event: 15.041 GC heap after
{Heap after GC invocations=32 (full 0):
 garbage-first heap   total 110592K, used 60547K [0x0000000080000000, 0x0000000100000000)
  region size 1024K, 3 young (3072K), 3 survivors (3072K)
 Metaspace       used 52131K, committed 52544K, reserved 1114112K
  class space    used 6937K, committed 7104K, reserved 1048576K
}
Event: 15.110 GC heap before
{Heap before GC invocations=32 (full 0):
 garbage-first heap   total 110592K, used 71811K [0x0000000080000000, 0x0000000100000000)
  region size 1024K, 15 young (15360K), 3 survivors (3072K)
 Metaspace       used 52150K, committed 52544K, reserved 1114112K
  class space    used 6937K, committed 7104K, reserved 1048576K
}
Event: 15.118 GC heap after
{Heap after GC invocations=33 (full 0):
 garbage-first heap   total 133120K, used 60583K [0x0000000080000000, 0x0000000100000000)
  region size 1024K, 3 young (3072K), 3 survivors (3072K)
 Metaspace       used 52150K, committed 52544K, reserved 1114112K
  class space    used 6937K, committed 7104K, reserved 1048576K
}
Event: 15.172 GC heap before
{Heap before GC invocations=33 (full 0):
 garbage-first heap   total 133120K, used 69799K [0x0000000080000000, 0x0000000100000000)
  region size 1024K, 12 young (12288K), 3 survivors (3072K)
 Metaspace       used 52150K, committed 52544K, reserved 1114112K
  class space    used 6937K, committed 7104K, reserved 1048576K
}
Event: 15.188 GC heap after
{Heap after GC invocations=34 (full 0):
 garbage-first heap   total 133120K, used 63173K [0x0000000080000000, 0x0000000100000000)
  region size 1024K, 5 young (5120K), 5 survivors (5120K)
 Metaspace       used 52150K, committed 52544K, reserved 1114112K
  class space    used 6937K, committed 7104K, reserved 1048576K
}

